2014-12-17 23:37:12,183 DEBUG [com.myallways.vwru2.core.support.DataLoader] - sql executed success! sql: drop table ru_new_sys_user
2014-12-17 23:37:12,188 DEBUG [com.myallways.vwru2.core.support.DataLoader] - sql executed success! sql: create table ru_new_sys_user(	vusername varchar2(32),	vpassword varchar2(32),	vempname varchar2(32))
2014-12-17 23:37:12,189 DEBUG [com.myallways.vwru2.core.support.DataLoader] - sql executed success! sql: insert into ru_new_sys_user(vusername, vpassword, vempname) values('zhangsan', '11111', '张三')
2014-12-17 23:37:12,189 DEBUG [com.myallways.vwru2.core.support.DataLoader] - sql executed success! sql: insert into ru_new_sys_user(vusername, vpassword, vempname) values('admin', 'admin', '管理员')
2014-12-17 23:37:12,190 DEBUG [com.myallways.vwru2.core.support.DataLoader] - sql executed success! sql: drop table ru_new_sys_menu
2014-12-17 23:37:12,190 DEBUG [com.myallways.vwru2.core.support.DataLoader] - sql executed success! sql: create table ru_new_sys_menu(	imenu_code integer not null,	vmenu_desc varchar2(256),	vmenu_stage_desc varchar2(20),		ifcode integer default 0,	vmenu_uri varchar2(64),	vcreated varchar2(10),	dcrt_date date,	vupdated varchar2(10),	dup_date date)
2014-12-17 23:37:12,191 DEBUG [com.myallways.vwru2.core.support.DataLoader] - sql executed success! sql: alter table ru_new_sys_menu add constraint pk_ru_new_sys_menu primary key (imenu_code)
2014-12-17 23:37:12,193 DEBUG [com.myallways.vwru2.core.support.DataLoader] - sql executed success! sql: insert into ru_new_sys_menu (imenu_code, vmenu_desc, vmenu_stage_desc, ifcode, vmenu_uri, vcreated, dcrt_date, vupdated, dup_date) values(1, '意向申报','一级菜单',0,'', 'ru-001',sysdate, 'ru-001',sysdate)
2014-12-17 23:37:12,193 DEBUG [com.myallways.vwru2.core.support.DataLoader] - sql executed success! sql: insert into ru_new_sys_menu (imenu_code, vmenu_desc, vmenu_stage_desc, ifcode, vmenu_uri, vcreated, dcrt_date, vupdated, dup_date) values(8, '系统管理','一级菜单',0,'', 'ru-001',sysdate, 'ru-001',sysdate)
2014-12-17 23:37:12,193 DEBUG [com.myallways.vwru2.core.support.DataLoader] - sql executed success! sql: insert into ru_new_sys_menu (imenu_code, vmenu_desc, vmenu_stage_desc, ifcode, vmenu_uri, vcreated, dcrt_date, vupdated, dup_date) values(2, '特许经销商','二级菜单',1,'', 'ru-001',sysdate, 'ru-001',sysdate)
2014-12-17 23:37:12,194 DEBUG [com.myallways.vwru2.core.support.DataLoader] - sql executed success! sql: insert into ru_new_sys_menu (imenu_code, vmenu_desc, vmenu_stage_desc, ifcode, vmenu_uri, vcreated, dcrt_date, vupdated, dup_date) values(9, '模块管理','二级菜单',1,'', 'ru-001',sysdate, 'ru-001',sysdate)
2014-12-17 23:37:12,194 DEBUG [com.myallways.vwru2.core.support.DataLoader] - sql executed success! sql: insert into ru_new_sys_menu (imenu_code, vmenu_desc, vmenu_stage_desc, ifcode, vmenu_uri, vcreated, dcrt_date, vupdated, dup_date) values(3, '申请条件','三级菜单',2,'/console/apply/condition/p/4s/', 'ru-001',sysdate, 'ru-001',sysdate)
2014-12-17 23:37:12,194 DEBUG [com.myallways.vwru2.core.support.DataLoader] - sql executed success! sql: insert into ru_new_sys_menu (imenu_code, vmenu_desc, vmenu_stage_desc, ifcode, vmenu_uri, vcreated, dcrt_date, vupdated, dup_date) values(4, '申请流程','三级菜单',2,'/console/apply/flow/p/4s/', 'ru-001',sysdate, 'ru-001',sysdate)
2014-12-17 23:37:12,194 DEBUG [com.myallways.vwru2.core.support.DataLoader] - sql executed success! sql: insert into ru_new_sys_menu (imenu_code, vmenu_desc, vmenu_stage_desc, ifcode, vmenu_uri, vcreated, dcrt_date, vupdated, dup_date) values(5, '申请信息查询','三级菜单',2,'/console/apply/query/p/4s/', 'ru-001',sysdate, 'ru-001',sysdate)
2014-12-17 23:37:12,194 DEBUG [com.myallways.vwru2.core.support.DataLoader] - sql executed success! sql: insert into ru_new_sys_menu (imenu_code, vmenu_desc, vmenu_stage_desc, ifcode, vmenu_uri, vcreated, dcrt_date, vupdated, dup_date) values(6, '申请审批','三级菜单',2,'/console/apply/approval/p/4s/', 'ru-001',sysdate, 'ru-001',sysdate)
2014-12-17 23:37:12,200 DEBUG [com.myallways.vwru2.core.support.DataLoader] - sql executed success! sql: insert into ru_new_sys_menu (imenu_code, vmenu_desc, vmenu_stage_desc, ifcode, vmenu_uri, vcreated, dcrt_date, vupdated, dup_date) values(7, '意向批复','三级菜单',2,'/console/apply/notice/p/4s/', 'ru-001',sysdate, 'ru-001',sysdate)
2014-12-17 23:37:12,200 DEBUG [com.myallways.vwru2.core.support.DataLoader] - sql executed success! sql: insert into ru_new_sys_menu (imenu_code, vmenu_desc, vmenu_stage_desc, ifcode, vmenu_uri, vcreated, dcrt_date, vupdated, dup_date) values(10, '菜单管理','三级菜单',2,'/console/support/menu/', 'ru-001',sysdate, 'ru-001',sysdate)
2014-12-17 23:37:12,200 DEBUG [com.myallways.vwru2.core.support.DataLoader] - sql executed success! sql: insert into ru_new_sys_menu (imenu_code, vmenu_desc, vmenu_stage_desc, ifcode, vmenu_uri, vcreated, dcrt_date, vupdated, dup_date) values(11, '权限管理','三级菜单',2,'/console/support/role/', 'ru-001',sysdate, 'ru-001',sysdate)
2014-12-17 23:37:12,201 DEBUG [com.myallways.vwru2.core.support.DataLoader] - sql executed success! sql: insert into ru_new_sys_menu (imenu_code, vmenu_desc, vmenu_stage_desc, ifcode, vmenu_uri, vcreated, dcrt_date, vupdated, dup_date) values(12, '网络形态','三级菜单',2,'/console/support/network/', 'ru-001',sysdate, 'ru-001',sysdate)
2014-12-17 23:37:12,267 DEBUG [com.myallways.vwru2.core.SpringHolder] - ==============> inject ApplicationContext into SpringContextHolder:org.springframework.web.context.support.XmlWebApplicationContext: display name [Root WebApplicationContext]; startup date [Wed Dec 17 23:37:07 GMT 2014]; root of context hierarchy; config locations [classpath*:spring/application.xml,classpath*:spring/spring-*.xml]
2014-12-17 23:37:12,423 INFO [org.hibernate.cfg.Environment] - Hibernate 3.2.0
2014-12-17 23:37:12,431 INFO [org.hibernate.cfg.Environment] - hibernate.properties not found
2014-12-17 23:37:12,433 INFO [org.hibernate.cfg.Environment] - Bytecode provider name : cglib
2014-12-17 23:37:12,436 INFO [org.hibernate.cfg.Environment] - using JDK 1.4 java.sql.Timestamp handling
2014-12-17 23:37:12,551 DEBUG [org.hibernate.cfg.Configuration] - Preparing to build session factory with filters : {}
2014-12-17 23:37:12,551 DEBUG [org.hibernate.cfg.Configuration] - processing extends queue
2014-12-17 23:37:12,551 DEBUG [org.hibernate.cfg.Configuration] - processing collection mappings
2014-12-17 23:37:12,551 DEBUG [org.hibernate.cfg.Configuration] - processing native query and ResultSetMapping mappings
2014-12-17 23:37:12,551 DEBUG [org.hibernate.cfg.Configuration] - processing association property references
2014-12-17 23:37:12,551 DEBUG [org.hibernate.cfg.Configuration] - processing foreign key constraints
2014-12-17 23:37:12,556 INFO [org.hibernate.connection.ConnectionProviderFactory] - Initializing connection provider: org.springframework.orm.hibernate3.LocalDataSourceConnectionProvider
2014-12-17 23:37:12,573 INFO [org.hibernate.cfg.SettingsFactory] - RDBMS: H2, version: 1.1.103 (2008-11-07)
2014-12-17 23:37:12,573 INFO [org.hibernate.cfg.SettingsFactory] - JDBC driver: H2 JDBC Driver, version: 1.1.103 (2008-11-07)
2014-12-17 23:37:12,634 INFO [org.hibernate.dialect.Dialect] - Using dialect: org.hibernate.dialect.H2Dialect
2014-12-17 23:37:12,755 INFO [org.hibernate.transaction.TransactionFactoryFactory] - Using default transaction strategy (direct JDBC transactions)
2014-12-17 23:37:12,757 INFO [org.hibernate.transaction.TransactionManagerLookupFactory] - No TransactionManagerLookup configured (in JTA environment, use of read-write or transactional second-level cache is not recommended)
2014-12-17 23:37:12,757 INFO [org.hibernate.cfg.SettingsFactory] - Automatic flush during beforeCompletion(): disabled
2014-12-17 23:37:12,757 INFO [org.hibernate.cfg.SettingsFactory] - Automatic session close at end of transaction: disabled
2014-12-17 23:37:12,757 INFO [org.hibernate.cfg.SettingsFactory] - JDBC batch size: 15
2014-12-17 23:37:12,757 INFO [org.hibernate.cfg.SettingsFactory] - JDBC batch updates for versioned data: disabled
2014-12-17 23:37:12,758 INFO [org.hibernate.cfg.SettingsFactory] - Scrollable result sets: enabled
2014-12-17 23:37:12,758 DEBUG [org.hibernate.cfg.SettingsFactory] - Wrap result sets: disabled
2014-12-17 23:37:12,758 INFO [org.hibernate.cfg.SettingsFactory] - JDBC3 getGeneratedKeys(): enabled
2014-12-17 23:37:12,758 INFO [org.hibernate.cfg.SettingsFactory] - Connection release mode: on_close
2014-12-17 23:37:12,758 INFO [org.hibernate.cfg.SettingsFactory] - Default batch fetch size: 1
2014-12-17 23:37:12,758 INFO [org.hibernate.cfg.SettingsFactory] - Generate SQL with comments: disabled
2014-12-17 23:37:12,758 INFO [org.hibernate.cfg.SettingsFactory] - Order SQL updates by primary key: disabled
2014-12-17 23:37:12,758 INFO [org.hibernate.cfg.SettingsFactory] - Query translator: org.hibernate.hql.ast.ASTQueryTranslatorFactory
2014-12-17 23:37:12,766 INFO [org.hibernate.hql.ast.ASTQueryTranslatorFactory] - Using ASTQueryTranslatorFactory
2014-12-17 23:37:12,766 INFO [org.hibernate.cfg.SettingsFactory] - Query language substitutions: {}
2014-12-17 23:37:12,766 INFO [org.hibernate.cfg.SettingsFactory] - JPA-QL strict compliance: disabled
2014-12-17 23:37:12,766 INFO [org.hibernate.cfg.SettingsFactory] - Second-level cache: enabled
2014-12-17 23:37:12,766 INFO [org.hibernate.cfg.SettingsFactory] - Query cache: disabled
2014-12-17 23:37:12,766 INFO [org.hibernate.cfg.SettingsFactory] - Cache provider: org.hibernate.cache.EhCacheProvider
2014-12-17 23:37:12,770 INFO [org.hibernate.cfg.SettingsFactory] - Optimize cache for minimal puts: disabled
2014-12-17 23:37:12,770 INFO [org.hibernate.cfg.SettingsFactory] - Structured second-level cache entries: disabled
2014-12-17 23:37:12,780 INFO [org.hibernate.cfg.SettingsFactory] - Echoing all SQL to stdout
2014-12-17 23:37:12,780 INFO [org.hibernate.cfg.SettingsFactory] - Statistics: disabled
2014-12-17 23:37:12,780 INFO [org.hibernate.cfg.SettingsFactory] - Deleted entity synthetic identifier rollback: disabled
2014-12-17 23:37:12,780 INFO [org.hibernate.cfg.SettingsFactory] - Default entity-mode: pojo
2014-12-17 23:37:13,021 INFO [org.hibernate.impl.SessionFactoryImpl] - building session factory
2014-12-17 23:37:13,022 DEBUG [org.hibernate.impl.SessionFactoryImpl] - Session factory constructed with filter configurations : {}
2014-12-17 23:37:13,022 DEBUG [org.hibernate.impl.SessionFactoryImpl] - instantiating session factory with properties: {java.runtime.name=Java(TM) 2 Runtime Environment, Standard Edition, hibernate.cache.provider_class=org.hibernate.cache.EhCacheProvider, sun.boot.library.path=D:\ide\java\j2sdk1.4.2_04\jre\bin, java.vm.version=1.4.2_04-b05, shared.loader=${catalina.base}/shared/classes,${catalina.base}/shared/lib/*.jar, java.vm.vendor=Sun Microsystems Inc., java.vendor.url=http://java.sun.com/, path.separator=;, java.vm.name=Java HotSpot(TM) Client VM, vwru.root=D:\p\vwru2\src\main\webapp\, file.encoding.pkg=sun.io, user.country=CN, sun.os.patch.level=Service Pack 1, java.vm.specification.name=Java Virtual Machine Specification, user.dir=D:\ide\tomcat\jakarta-tomcat-5.0.24, java.runtime.version=1.4.2_04-b05, java.awt.graphicsenv=sun.awt.Win32GraphicsEnvironment, java.endorsed.dirs=D:\ide\tomcat\jakarta-tomcat-5.0.24\common\endorsed, os.arch=x86, java.io.tmpdir=D:\ide\tomcat\jakarta-tomcat-5.0.24\temp, line.separator=
, java.vm.specification.vendor=Sun Microsystems Inc., user.variant=, java.naming.factory.url.pkgs=org.apache.naming, os.name=Windows NT (unknown), sun.java2d.fontpath=, java.library.path=D:\ide\java\j2sdk1.4.2_04\bin;.;C:\Windows\system32;C:\Windows;D:\ide\java\j2sdk1.4.2_04\jre\bin;D:/ide/java/jre8/bin/client;D:/ide/java/jre8/bin;D:/ide/java/jre8/lib/i386;C:\ProgramData\Oracle\Java\javapath;D:\ide\ruby\bin%;D:\ide\ruby\mingw\bin;D:\ide\maven\apache-maven-3.2.3\bin;D:\ide\ruby\bin;D:\Program Files\Sencha\Sencha\Cmd\5.0.3.324;D:\ide\java\jdk8\bin;D:\oracle\product\10.2.0\client_1\bin;C:\Program Files\Intel\iCLS Client\;C:\Windows\system32;C:\Windows;C:\Windows\System32\Wbem;C:\Windows\System32\WindowsPowerShell\v1.0\;C:\Program Files\Intel\Intel(R) Management Engine Components\DAL;C:\Program Files\Intel\Intel(R) Management Engine Components\IPT;D:\Program Files\Rational\common;D:\Program Files\Git\cmd;D:\Program Files\Git\bin;D:\Program Files\TortoiseGit\bin;D:\Program Files\SSH Communications Security\SSH Secure Shell;D:\ide\eclipse\luna;, java.specification.name=Java Platform API Specification, java.class.version=48.0, java.util.prefs.PreferencesFactory=java.util.prefs.WindowsPreferencesFactory, os.version=6.1, user.home=C:\Users\Administrator, user.timezone=GMT, catalina.useNaming=true, java.awt.printerjob=sun.awt.windows.WPrinterJob, hibernate.connection.release_mode=on_close, java.specification.version=1.4, file.encoding=GBK, hibernate.format_sql=true, catalina.home=D:\ide\tomcat\jakarta-tomcat-5.0.24, user.name=Administrator, java.class.path=D:\ide\tomcat\jakarta-tomcat-5.0.24\bin\bootstrap.jar;D:\ide\java\j2sdk1.4.2_04\lib\tools.jar, hibernate.bytecode.use_reflection_optimizer=false, java.naming.factory.initial=org.apache.naming.java.javaURLContextFactory, hibernate.show_sql=true, package.definition=sun.,java.,org.apache.catalina.,org.apache.coyote.,org.apache.tomcat.,org.apache.jasper., java.vm.specification.version=1.0, sun.arch.data.model=32, java.home=D:\ide\java\j2sdk1.4.2_04\jre, hibernate.dialect=org.hibernate.dialect.H2Dialect, java.specification.vendor=Sun Microsystems Inc., user.language=zh, awt.toolkit=sun.awt.windows.WToolkit, java.vm.info=mixed mode, java.version=1.4.2_04, java.ext.dirs=D:\ide\java\j2sdk1.4.2_04\jre\lib\ext, sun.boot.class.path=D:\ide\tomcat\jakarta-tomcat-5.0.24\common\endorsed\xercesImpl.jar;D:\ide\tomcat\jakarta-tomcat-5.0.24\common\endorsed\xmlParserAPIs.jar;D:\ide\java\j2sdk1.4.2_04\jre\lib\rt.jar;D:\ide\java\j2sdk1.4.2_04\jre\lib\i18n.jar;D:\ide\java\j2sdk1.4.2_04\jre\lib\sunrsasign.jar;D:\ide\java\j2sdk1.4.2_04\jre\lib\jsse.jar;D:\ide\java\j2sdk1.4.2_04\jre\lib\jce.jar;D:\ide\java\j2sdk1.4.2_04\jre\lib\charsets.jar;D:\ide\java\j2sdk1.4.2_04\jre\classes, java.vendor=Sun Microsystems Inc., server.loader=${catalina.home}/server/classes,${catalina.home}/server/lib/*.jar, catalina.base=D:\ide\tomcat\jakarta-tomcat-5.0.24, file.separator=\, java.vendor.url.bug=http://java.sun.com/cgi-bin/bugreport.cgi, app.path=D:\p\vwru2\src\main\webapp\, hibernate.connection.provider_class=org.springframework.orm.hibernate3.LocalDataSourceConnectionProvider, common.loader=${catalina.home}/common/classes,${catalina.home}/common/endorsed/*.jar,${catalina.home}/common/lib/*.jar, sun.cpu.endian=little, sun.io.unicode.encoding=UnicodeLittle, package.access=sun.,org.apache.catalina.,org.apache.coyote.,org.apache.tomcat.,org.apache.jasper.,sun.beans., hibernate.cache.provider_configuration_file_resource_path=ehcache-hibernate-local.xml, sun.cpu.isalist=pentium i486 i386}
2014-12-17 23:37:13,023 DEBUG [org.hibernate.cache.EhCacheProvider] - Creating EhCacheProvider from a specified resource: ehcache-hibernate-local.xml Resolved to URL: file:/D:/p/vwru2/src/main/webapp/WEB-INF/classes/ehcache-hibernate-local.xml
2014-12-17 23:37:13,041 DEBUG [net.sf.ehcache.config.ConfigurationFactory] - Configuring ehcache from URL: file:/D:/p/vwru2/src/main/webapp/WEB-INF/classes/ehcache-hibernate-local.xml
2014-12-17 23:37:13,041 DEBUG [net.sf.ehcache.config.ConfigurationFactory] - Configuring ehcache from InputStream
2014-12-17 23:37:13,054 DEBUG [net.sf.ehcache.config.DiskStoreConfiguration] - Disk Store Path: D:\ide\tomcat\jakarta-tomcat-5.0.24\temp/hibernate/t120614
2014-12-17 23:37:13,069 DEBUG [net.sf.ehcache.config.ConfigurationHelper] - No CacheManagerEventListenerFactory class specified. Skipping...
2014-12-17 23:37:13,069 DEBUG [net.sf.ehcache.config.ConfigurationHelper] - No CachePeerListenerFactoryConfiguration specified. Not configuring a CacheManagerPeerListener.
2014-12-17 23:37:13,069 DEBUG [net.sf.ehcache.config.ConfigurationHelper] - No CachePeerProviderFactoryConfiguration specified. Not configuring a CacheManagerPeerProvider.
2014-12-17 23:37:13,075 DEBUG [net.sf.ehcache.config.ConfigurationHelper] - No BootstrapCacheLoaderFactory class specified. Skipping...
2014-12-17 23:37:13,101 DEBUG [org.hibernate.impl.SessionFactoryObjectFactory] - initializing class SessionFactoryObjectFactory
2014-12-17 23:37:13,104 DEBUG [org.hibernate.impl.SessionFactoryObjectFactory] - registered: 8a29e4334a5a9ccb014a5a9ccc730000 (unnamed)
2014-12-17 23:37:13,104 INFO [org.hibernate.impl.SessionFactoryObjectFactory] - Not binding factory to JNDI, no JNDI name configured
2014-12-17 23:37:13,104 DEBUG [org.hibernate.impl.SessionFactoryImpl] - instantiated session factory
2014-12-17 23:37:13,104 DEBUG [org.hibernate.impl.SessionFactoryImpl] - Checking 0 named HQL queries
2014-12-17 23:37:13,104 DEBUG [org.hibernate.impl.SessionFactoryImpl] - Checking 0 named SQL queries
2014-12-17 23:37:13,570 DEBUG [org.hibernate.impl.SessionImpl] - opened session at timestamp: 5811648239443968
2014-12-17 23:37:13,622 DEBUG [org.hibernate.transaction.JDBCTransaction] - begin
2014-12-17 23:37:13,623 DEBUG [org.hibernate.jdbc.ConnectionManager] - opening JDBC connection
2014-12-17 23:37:13,623 DEBUG [org.hibernate.transaction.JDBCTransaction] - current autocommit status: true
2014-12-17 23:37:13,623 DEBUG [org.hibernate.transaction.JDBCTransaction] - disabling autocommit
2014-12-17 23:37:13,645 DEBUG [org.hibernate.transaction.JDBCTransaction] - commit
2014-12-17 23:37:13,645 DEBUG [org.hibernate.transaction.JDBCTransaction] - re-enabling autocommit
2014-12-17 23:37:13,645 DEBUG [org.hibernate.transaction.JDBCTransaction] - committed JDBC Connection
2014-12-17 23:37:13,645 DEBUG [org.hibernate.jdbc.ConnectionManager] - transaction completed on session with on_close connection release mode; be sure to close the session to release JDBC resources!
2014-12-17 23:37:13,661 DEBUG [org.hibernate.jdbc.ConnectionManager] - releasing JDBC connection [ (open PreparedStatements: 0, globally: 0) (open ResultSets: 0, globally: 0)]
2014-12-17 23:37:13,662 DEBUG [org.hibernate.jdbc.ConnectionManager] - transaction completed on session with on_close connection release mode; be sure to close the session to release JDBC resources!
2014-12-17 23:37:13,666 DEBUG [org.hibernate.impl.SessionImpl] - opened session at timestamp: 5811648240295936
2014-12-17 23:37:13,666 DEBUG [org.hibernate.transaction.JDBCTransaction] - begin
2014-12-17 23:37:13,666 DEBUG [org.hibernate.jdbc.ConnectionManager] - opening JDBC connection
2014-12-17 23:37:13,666 DEBUG [org.hibernate.transaction.JDBCTransaction] - current autocommit status: true
2014-12-17 23:37:13,666 DEBUG [org.hibernate.transaction.JDBCTransaction] - disabling autocommit
2014-12-17 23:37:13,730 DEBUG [org.hibernate.transaction.JDBCTransaction] - commit
2014-12-17 23:37:13,730 DEBUG [org.hibernate.transaction.JDBCTransaction] - re-enabling autocommit
2014-12-17 23:37:13,730 DEBUG [org.hibernate.transaction.JDBCTransaction] - committed JDBC Connection
2014-12-17 23:37:13,730 DEBUG [org.hibernate.jdbc.ConnectionManager] - transaction completed on session with on_close connection release mode; be sure to close the session to release JDBC resources!
2014-12-17 23:37:13,730 DEBUG [org.hibernate.jdbc.ConnectionManager] - releasing JDBC connection [ (open PreparedStatements: 0, globally: 0) (open ResultSets: 0, globally: 0)]
2014-12-17 23:37:13,730 DEBUG [org.hibernate.jdbc.ConnectionManager] - transaction completed on session with on_close connection release mode; be sure to close the session to release JDBC resources!
2014-12-17 23:37:13,872 DEBUG [com.opensymphony.xwork.util.LocalizedTextUtil] - Added default resource bundle 'com/opensymphony/webwork/webwork-messages' to default resource bundles = [com/opensymphony/webwork/webwork-messages, com/opensymphony/xwork/xwork-messages]
2014-12-17 23:37:13,872 INFO [com.opensymphony.webwork.config.DefaultConfiguration] - Loading global messages from messages
2014-12-17 23:37:13,873 DEBUG [com.opensymphony.xwork.util.LocalizedTextUtil] - Added default resource bundle 'messages' to default resource bundles = [messages, com/opensymphony/webwork/webwork-messages, com/opensymphony/xwork/xwork-messages]
2014-12-17 23:37:13,896 INFO [com.opensymphony.webwork.spring.WebWorkSpringObjectFactory] - Initializing WebWork-Spring integration...
2014-12-17 23:37:13,898 INFO [com.opensymphony.xwork.spring.SpringObjectFactory] - Setting autowire strategy to name
2014-12-17 23:37:13,898 INFO [com.opensymphony.webwork.spring.WebWorkSpringObjectFactory] - ... initialized WebWork-Spring integration successfully
